start/hardware.md:1
start/install.md:1
start/live.md:2
start/usb.md:2
start/virtualisation.md:7
start/hardware.md:2
start/install.md:1
start/menu.md:1
start/virtualisation.md:6
start/install.md:3
start/live.md:5
start/usb.md:4
start/virtualisation.md:4
start/hardware.md:2
start/install.md:1
start/virtualisation.md:4
start/install.md:1
start/live.md:4
start/usb.md:4
start/virtualisation.md:4
os/How-to-build-custom-ISO.md:2
os/How-to-change-graphical-interface.md:2
os/What-are-the-revisions-of-the-rolling-version.md:2
os/What-are-the-revisions-of-the-rolling-version.md:1
os/What-are-the-revisions-of-the-rolling-version.md:1
os/How-to-change-graphical-interface.md:2
os/What-are-the-revisions-of-the-rolling-version.md:1
tutorials/Windows-bootable-USB-key.md:1
